<?xml version="1.0" encoding="UTF-8"?>
<testsuite xmlns:xsi="http://www.w3.org/2001/XMLSchema-instance" xsi:noNamespaceSchemaLocation="https://maven.apache.org/surefire/maven-surefire-plugin/xsd/surefire-test-report.xsd" name="it.uniroma2.dicii.isw2.jcs.paramTests.JCSLightLoadUnitTest" time="81.066" tests="1" errors="0" skipped="0" failures="0">
  <properties>
    <property name="sun.desktop" value="gnome"/>
    <property name="awt.toolkit" value="sun.awt.X11.XToolkit"/>
    <property name="java.specification.version" value="11"/>
    <property name="sun.cpu.isalist" value=""/>
    <property name="sun.jnu.encoding" value="UTF-8"/>
    <property name="java.class.path" value="/home/luca/Scrivania/ISW2/esercizi/de-angelis/lezione22/jcs-exercise/target/test-classes:/home/luca/Scrivania/ISW2/esercizi/de-angelis/lezione22/jcs-exercise/target/classes:/home/luca/.m2/repository/org/apache/jcs/jcs/1.3/jcs-1.3.jar:/home/luca/.m2/repository/commons-logging/commons-logging/1.1/commons-logging-1.1.jar:/home/luca/.m2/repository/log4j/log4j/1.2.12/log4j-1.2.12.jar:/home/luca/.m2/repository/logkit/logkit/1.0.1/logkit-1.0.1.jar:/home/luca/.m2/repository/avalon-framework/avalon-framework/4.1.3/avalon-framework-4.1.3.jar:/home/luca/.m2/repository/javax/servlet/servlet-api/2.3/servlet-api-2.3.jar:/home/luca/.m2/repository/concurrent/concurrent/1.0/concurrent-1.0.jar:/home/luca/.m2/repository/junit/junit/4.10/junit-4.10.jar:/home/luca/.m2/repository/org/hamcrest/hamcrest-core/1.1/hamcrest-core-1.1.jar:"/>
    <property name="java.vm.vendor" value="Ubuntu"/>
    <property name="sun.arch.data.model" value="64"/>
    <property name="java.vendor.url" value="https://ubuntu.com/"/>
    <property name="user.timezone" value=""/>
    <property name="java.vm.specification.version" value="11"/>
    <property name="os.name" value="Linux"/>
    <property name="sun.java.launcher" value="SUN_STANDARD"/>
    <property name="user.country" value="IT"/>
    <property name="sun.boot.library.path" value="/usr/lib/jvm/java-11-openjdk-amd64/lib"/>
    <property name="sun.java.command" value="/home/luca/Scrivania/ISW2/esercizi/de-angelis/lezione22/jcs-exercise/target/surefire/surefirebooter1179854904458556994.jar /home/luca/Scrivania/ISW2/esercizi/de-angelis/lezione22/jcs-exercise/target/surefire 2022-01-19T17-30-25_422-jvmRun1 surefire6433564546397099339tmp surefire_017420688965584782418tmp"/>
    <property name="jdk.debug" value="release"/>
    <property name="surefire.test.class.path" value="/home/luca/Scrivania/ISW2/esercizi/de-angelis/lezione22/jcs-exercise/target/test-classes:/home/luca/Scrivania/ISW2/esercizi/de-angelis/lezione22/jcs-exercise/target/classes:/home/luca/.m2/repository/org/apache/jcs/jcs/1.3/jcs-1.3.jar:/home/luca/.m2/repository/commons-logging/commons-logging/1.1/commons-logging-1.1.jar:/home/luca/.m2/repository/log4j/log4j/1.2.12/log4j-1.2.12.jar:/home/luca/.m2/repository/logkit/logkit/1.0.1/logkit-1.0.1.jar:/home/luca/.m2/repository/avalon-framework/avalon-framework/4.1.3/avalon-framework-4.1.3.jar:/home/luca/.m2/repository/javax/servlet/servlet-api/2.3/servlet-api-2.3.jar:/home/luca/.m2/repository/concurrent/concurrent/1.0/concurrent-1.0.jar:/home/luca/.m2/repository/junit/junit/4.10/junit-4.10.jar:/home/luca/.m2/repository/org/hamcrest/hamcrest-core/1.1/hamcrest-core-1.1.jar:"/>
    <property name="sun.cpu.endian" value="little"/>
    <property name="user.home" value="/home/luca"/>
    <property name="user.language" value="it"/>
    <property name="java.specification.vendor" value="Oracle Corporation"/>
    <property name="java.version.date" value="2021-10-19"/>
    <property name="java.home" value="/usr/lib/jvm/java-11-openjdk-amd64"/>
    <property name="file.separator" value="/"/>
    <property name="basedir" value="/home/luca/Scrivania/ISW2/esercizi/de-angelis/lezione22/jcs-exercise"/>
    <property name="java.vm.compressedOopsMode" value="32-bit"/>
    <property name="line.separator" value="&#10;"/>
    <property name="java.specification.name" value="Java Platform API Specification"/>
    <property name="java.vm.specification.vendor" value="Oracle Corporation"/>
    <property name="java.awt.graphicsenv" value="sun.awt.X11GraphicsEnvironment"/>
    <property name="surefire.real.class.path" value="/home/luca/Scrivania/ISW2/esercizi/de-angelis/lezione22/jcs-exercise/target/surefire/surefirebooter1179854904458556994.jar"/>
    <property name="sun.management.compiler" value="HotSpot 64-Bit Tiered Compilers"/>
    <property name="java.runtime.version" value="11.0.13+8-Ubuntu-0ubuntu1.18.04"/>
    <property name="user.name" value="luca"/>
    <property name="path.separator" value=":"/>
    <property name="os.version" value="5.4.0-92-generic"/>
    <property name="java.runtime.name" value="OpenJDK Runtime Environment"/>
    <property name="file.encoding" value="UTF-8"/>
    <property name="java.vm.name" value="OpenJDK 64-Bit Server VM"/>
    <property name="localRepository" value="/home/luca/.m2/repository"/>
    <property name="java.vendor.url.bug" value="https://bugs.launchpad.net/ubuntu/+source/openjdk-lts"/>
    <property name="java.io.tmpdir" value="/tmp"/>
    <property name="java.version" value="11.0.13"/>
    <property name="user.dir" value="/home/luca/Scrivania/ISW2/esercizi/de-angelis/lezione22/jcs-exercise"/>
    <property name="os.arch" value="amd64"/>
    <property name="java.vm.specification.name" value="Java Virtual Machine Specification"/>
    <property name="java.awt.printerjob" value="sun.print.PSPrinterJob"/>
    <property name="sun.os.patch.level" value="unknown"/>
    <property name="java.library.path" value="/usr/java/packages/lib:/usr/lib/x86_64-linux-gnu/jni:/lib/x86_64-linux-gnu:/usr/lib/x86_64-linux-gnu:/usr/lib/jni:/lib:/usr/lib"/>
    <property name="java.vm.info" value="mixed mode, sharing"/>
    <property name="java.vendor" value="Ubuntu"/>
    <property name="java.vm.version" value="11.0.13+8-Ubuntu-0ubuntu1.18.04"/>
    <property name="sun.io.unicode.encoding" value="UnicodeLittle"/>
    <property name="java.class.version" value="55.0"/>
  </properties>
  <testcase name="testSimpleLoad" classname="it.uniroma2.dicii.isw2.jcs.paramTests.JCSLightLoadUnitTest" time="81.065"/>
</testsuite>